[2022-11-25T13:28:17.828] [WARN] todos - metodo GET Ruta inexistente /datos
[2022-11-25T13:29:09.245] [WARN] todos - metodo GET Ruta inexistente /datos
[2022-11-25T14:03:08.846] [WARN] todos - metodo GET Ruta inexistente /favicon.ico
[2022-11-25T14:11:28.555] [WARN] todos - metodo GET Ruta inexistente /favicon.ico
[2022-11-25T14:12:09.714] [WARN] todos - metodo GET Ruta inexistente /favicon.ico
[2022-11-25T14:13:12.389] [WARN] todos - metodo GET Ruta inexistente /favicon.ico
[2022-11-25T14:16:27.257] [WARN] todos - metodo GET Ruta inexistente /favicon.ico
[2022-11-25T14:18:33.106] [WARN] todos - metodo GET Ruta inexistente /datos
[2022-11-25T14:19:19.094] [WARN] todos - metodo GET Ruta inexistente /favicon.ico
[2022-11-25T14:22:33.338] [WARN] todos - metodo GET Ruta inexistente /favicon.ico
[2022-11-25T14:23:42.877] [WARN] todos - metodo GET Ruta inexistente /favicon.ico
[2022-11-25T14:27:22.334] [WARN] todos - metodo GET Ruta inexistente /favicon.ico
[2022-11-25T14:27:57.043] [WARN] todos - metodo GET Ruta inexistente /favicon.ico
[2022-11-25T14:58:40.619] [WARN] todos - metodo GET Ruta inexistente /favicon.ico
[2022-11-25T15:05:19.252] [WARN] todos - metodo GET Ruta inexistente /favicon.ico
[2022-11-25T15:06:42.696] [WARN] todos - metodo GET Ruta inexistente /js/function.js
[2022-11-25T15:06:42.826] [WARN] todos - metodo GET Ruta inexistente /js/function.js
[2022-11-25T15:08:54.415] [INFO] todos - metodo GET Ruta  /
[2022-11-25T15:14:50.634] [INFO] todos - metodo GET Ruta  /
[2022-11-25T15:14:54.111] [INFO] todos - metodo GET Ruta  /
[2022-11-25T15:14:58.411] [INFO] todos - metodo GET Ruta  /
[2022-11-25T15:15:07.793] [INFO] todos - metodo GET Ruta  /
[2022-11-25T15:15:08.447] [WARN] todos - metodo GET Ruta inexistente /favicon.ico
[2022-11-25T15:19:11.239] [INFO] todos - metodo GET Ruta  /
[2022-11-25T15:22:58.364] [INFO] todos - metodo GET Ruta  /
[2022-11-25T15:25:56.447] [INFO] todos - metodo GET Ruta  /
[2022-11-25T15:25:58.406] [INFO] todos - metodo GET Ruta  /
[2022-11-25T15:26:01.453] [INFO] todos - metodo GET Ruta  /
[2022-11-25T15:29:24.042] [INFO] todos - metodo GET Ruta  /
[2022-11-25T15:31:48.295] [INFO] todos - metodo GET Ruta  /
[2022-11-25T15:37:47.423] [INFO] todos - metodo GET Ruta  /
[2022-11-25T15:48:15.765] [INFO] todos - metodo GET Ruta  /
[2022-11-25T15:48:17.570] [INFO] todos - metodo GET Ruta  /
[2022-11-25T15:49:04.990] [INFO] todos - metodo GET Ruta  /
[2022-11-25T15:49:07.055] [INFO] todos - metodo GET Ruta  /
[2022-11-25T15:49:23.757] [INFO] todos - metodo GET Ruta  /
[2022-11-25T15:49:49.165] [INFO] todos - metodo GET Ruta  /
[2022-11-25T15:49:49.869] [WARN] todos - metodo GET Ruta inexistente /favicon.ico
[2022-11-25T15:50:02.055] [INFO] todos - metodo GET Ruta  /
[2022-11-25T15:50:05.025] [INFO] todos - metodo GET Ruta  /
[2022-11-25T15:50:09.326] [INFO] todos - metodo GET Ruta  /
[2022-11-25T15:50:31.648] [INFO] todos - metodo GET Ruta  /
[2022-11-25T15:50:44.756] [INFO] todos - metodo GET Ruta  /
[2022-11-25T16:07:34.803] [INFO] todos - metodo GET Ruta  /
[2022-11-25T16:13:33.316] [INFO] todos - metodo GET Ruta  /
[2022-11-25T16:24:58.480] [INFO] todos - metodo GET Ruta  /
[2022-11-25T16:32:15.392] [WARN] todos - metodo GET Ruta inexistente /css/estilos.css
[2022-11-25T16:32:17.649] [INFO] todos - metodo GET Ruta  /
[2022-11-25T16:33:08.199] [WARN] todos - metodo GET Ruta inexistente /css/estilos.css
[2022-11-25T16:33:10.480] [INFO] todos - metodo GET Ruta  /
[2022-11-25T16:34:28.709] [INFO] todos - metodo GET Ruta  /
[2022-11-25T16:34:32.778] [WARN] todos - metodo GET Ruta inexistente /css/estilos.css
[2022-11-25T16:34:34.971] [INFO] todos - metodo GET Ruta  /
[2022-11-25T16:43:47.018] [INFO] todos - metodo GET Ruta  /
[2022-11-25T16:43:47.622] [WARN] todos - metodo GET Ruta inexistente /favicon.ico
[2022-11-25T16:43:50.192] [WARN] todos - metodo GET Ruta inexistente /css/estilos.css
[2022-11-25T16:43:52.436] [INFO] todos - metodo GET Ruta  /
[2022-11-25T16:46:06.183] [WARN] todos - metodo GET Ruta inexistente /favicon.ico
[2022-11-25T16:46:12.864] [WARN] todos - metodo GET Ruta inexistente /css/estilos.css
[2022-11-25T16:46:15.094] [INFO] todos - metodo GET Ruta  /
[2022-11-25T16:49:30.608] [WARN] todos - metodo GET Ruta inexistente /css/estilos.css
[2022-11-25T16:49:32.804] [INFO] todos - metodo GET Ruta  /
[2022-11-25T16:54:07.695] [INFO] todos - metodo GET Ruta  /
[2022-11-25T16:54:16.414] [WARN] todos - metodo GET Ruta inexistente /css/estilos.css
[2022-11-25T16:54:18.752] [INFO] todos - metodo GET Ruta  /
[2022-11-25T17:41:30.832] [WARN] todos - metodo GET Ruta inexistente /css/estilos.css
[2022-11-25T17:41:33.144] [INFO] todos - metodo GET Ruta  /
[2022-11-25T17:41:50.550] [INFO] todos - metodo GET Ruta  /
[2022-11-25T17:42:06.933] [WARN] todos - metodo GET Ruta inexistente /main
[2022-11-25T17:42:18.197] [INFO] todos - metodo GET Ruta  /
[2022-11-25T17:42:18.711] [INFO] todos - metodo GET Ruta  /
[2022-11-25T17:46:49.270] [INFO] todos - metodo GET Ruta  /
[2022-11-25T17:46:53.833] [INFO] todos - metodo GET Ruta  /
[2022-11-25T17:46:54.580] [WARN] todos - metodo GET Ruta inexistente /favicon.ico
[2022-11-25T17:46:59.598] [INFO] todos - metodo GET Ruta  /
[2022-11-25T17:53:53.112] [INFO] todos - metodo GET Ruta  /
[2022-11-28T17:03:02.669] [INFO] todos - metodo GET Ruta  /
[2022-11-28T17:03:02.860] [WARN] todos - metodo GET Ruta inexistente /favicon.ico
[2022-11-28T17:03:11.131] [INFO] todos - metodo GET Ruta  /
[2022-11-28T17:03:17.428] [INFO] todos - metodo GET Ruta  /
[2022-11-28T17:03:34.728] [INFO] todos - metodo GET Ruta  /
[2022-11-28T17:03:50.807] [WARN] todos - metodo GET Ruta inexistente /css/estilos.css
[2022-11-28T17:03:53.060] [INFO] todos - metodo GET Ruta  /
[2022-11-28T17:38:18.471] [INFO] todos - metodo GET Ruta  /
[2022-11-28T17:38:23.679] [INFO] todos - metodo GET Ruta  /
[2022-11-29T13:58:08.257] [INFO] todos - metodo GET Ruta  /
[2022-11-29T13:58:08.555] [WARN] todos - metodo GET Ruta inexistente /favicon.ico
[2022-11-29T13:58:12.422] [INFO] todos - metodo GET Ruta  /
[2022-11-29T14:09:29.931] [INFO] todos - metodo GET Ruta  /
[2022-11-29T14:11:52.175] [INFO] todos - metodo GET Ruta  /
[2022-11-29T14:21:19.894] [INFO] todos - metodo GET Ruta  /
[2022-11-29T14:21:24.179] [WARN] todos - metodo GET Ruta inexistente /css/estilos.css
[2022-11-29T14:21:26.436] [INFO] todos - metodo GET Ruta  /
[2022-11-29T14:33:20.326] [ERROR] archivo2 - metodo GET Ruta  /failregister
[2022-11-29T14:33:30.588] [INFO] todos - metodo GET Ruta  /
[2022-11-29T14:34:43.230] [INFO] todos - metodo GET Ruta  /
[2022-11-29T14:37:50.991] [WARN] todos - metodo GET Ruta inexistente /css/estilos.css
[2022-11-29T14:37:53.288] [INFO] todos - metodo GET Ruta  /
[2022-11-29T14:39:54.123] [INFO] todos - metodo GET Ruta  /
[2022-11-29T14:40:14.394] [WARN] todos - metodo GET Ruta inexistente /datos
[2022-11-29T14:41:50.157] [WARN] todos - metodo GET Ruta inexistente /datos
[2022-11-29T14:43:40.342] [WARN] todos - metodo GET Ruta inexistente /datos
[2022-11-29T14:56:28.467] [WARN] todos - metodo GET Ruta inexistente /datos
[2022-11-29T14:58:58.155] [INFO] todos - metodo GET Ruta  /
[2022-11-29T14:59:05.692] [INFO] todos - metodo GET Ruta  /
[2022-11-29T14:59:16.260] [WARN] todos - metodo GET Ruta inexistente /login/datos
[2022-11-29T14:59:28.618] [WARN] todos - metodo GET Ruta inexistente /datos
[2022-11-29T15:00:28.632] [WARN] todos - metodo GET Ruta inexistente /datos
[2022-11-29T15:00:36.878] [INFO] todos - metodo GET Ruta  /
[2022-11-29T15:01:14.504] [WARN] todos - metodo GET Ruta inexistente /dato
[2022-11-29T15:02:17.277] [WARN] todos - metodo GET Ruta inexistente /datos
[2022-11-29T15:21:07.581] [WARN] todos - metodo GET Ruta inexistente /carrito/
[2022-11-29T15:21:51.108] [WARN] todos - metodo GET Ruta inexistente /user/logout
[2022-11-29T15:24:44.869] [WARN] todos - metodo GET Ruta inexistente /css/estilos.css
[2022-11-29T15:24:47.129] [INFO] todos - metodo GET Ruta  /
[2022-11-29T15:26:48.273] [WARN] todos - metodo GET Ruta inexistente /ddd
[2022-11-29T15:31:57.626] [WARN] todos - metodo GET Ruta inexistente /ddd
[2022-11-29T15:32:04.712] [WARN] todos - metodo GET Ruta inexistente /carrito/
[2022-11-29T17:38:10.249] [INFO] todos - metodo GET Ruta  /
[2022-11-29T17:38:54.980] [WARN] todos - metodo GET Ruta inexistente /css/estilos.css
[2022-11-29T17:38:57.238] [INFO] todos - metodo GET Ruta  /
[2022-11-29T17:44:58.606] [WARN] todos - metodo GET Ruta inexistente /css/estilos.css
[2022-11-29T17:45:00.808] [INFO] todos - metodo GET Ruta  /
[2022-11-29T17:45:09.464] [INFO] todos - metodo GET Ruta  /
[2022-11-29T17:45:13.350] [INFO] todos - metodo GET Ruta  /
[2022-11-29T17:45:19.166] [INFO] todos - metodo GET Ruta  /
[2022-11-29T17:45:25.127] [INFO] todos - metodo GET Ruta  /
[2022-11-29T17:45:30.042] [INFO] todos - metodo GET Ruta  /
[2022-11-29T17:46:12.948] [INFO] todos - metodo GET Ruta  /
[2022-11-29T17:58:47.632] [INFO] todos - metodo GET Ruta  /
[2022-11-29T17:58:51.974] [INFO] todos - metodo GET Ruta  /
[2022-11-29T18:20:51.234] [WARN] todos - metodo GET Ruta inexistente /lista
[2022-11-29T18:35:06.436] [WARN] todos - metodo GET Ruta inexistente /carrito/6380d96a2c770e790cd23fb2
[2022-11-29T18:49:57.722] [WARN] todos - metodo GET Ruta inexistente /carrito/js/function.js
[2022-11-29T18:50:18.668] [WARN] todos - metodo GET Ruta inexistente /carrito/js/function.js
[2022-11-29T18:50:18.747] [WARN] todos - metodo GET Ruta inexistente /carrito/js/function.js
[2022-11-29T18:56:35.165] [INFO] todos - metodo GET Ruta  /
[2022-11-29T18:56:38.028] [WARN] todos - metodo GET Ruta inexistente /productos
[2022-11-30T10:43:35.550] [INFO] todos - metodo GET Ruta  /
[2022-11-30T10:43:35.793] [WARN] todos - metodo GET Ruta inexistente /favicon.ico
[2022-11-30T10:46:52.053] [WARN] todos - metodo GET Ruta inexistente /carrito/js/function.js
[2022-11-30T10:48:48.071] [WARN] todos - metodo GET Ruta inexistente /carrito/js/function.js
[2022-11-30T11:02:56.679] [WARN] todos - metodo GET Ruta inexistente /carrito/js/function.js
[2022-11-30T11:03:13.287] [WARN] todos - metodo GET Ruta inexistente /carrito/js/function.js
[2022-11-30T11:04:14.935] [WARN] todos - metodo GET Ruta inexistente /productos
[2022-11-30T11:27:08.332] [WARN] todos - metodo GET Ruta inexistente /carrito/js/function.js
[2022-11-30T11:27:14.778] [INFO] todos - metodo GET Ruta  /
[2022-11-30T11:27:20.204] [WARN] todos - metodo GET Ruta inexistente /carrito/js/function.js
[2022-11-30T11:30:04.337] [WARN] todos - metodo GET Ruta inexistente /carrito/js/function.js
[2022-11-30T11:32:55.932] [WARN] todos - metodo GET Ruta inexistente /carrito/js/function.js
[2022-11-30T11:34:16.634] [WARN] todos - metodo GET Ruta inexistente /carrito/js/function.js
[2022-11-30T11:35:05.988] [WARN] todos - metodo GET Ruta inexistente /carrito/js/function.js
[2022-11-30T14:02:59.283] [INFO] todos - metodo GET Ruta  /
[2022-11-30T14:03:55.484] [WARN] todos - metodo GET Ruta inexistente /63810b6e697d83db0cc5b050
[2022-12-01T15:04:17.978] [WARN] todos - metodo GET Ruta inexistente /carrito/6388ec88840cc51158c79774
[2022-12-02T09:28:37.524] [INFO] todos - metodo GET Ruta  /
[2022-12-02T09:28:37.768] [WARN] todos - metodo GET Ruta inexistente /favicon.ico
[2022-12-02T09:29:20.687] [ERROR] archivo2 - metodo GET Ruta  /failregister
[2022-12-02T09:29:22.476] [INFO] todos - metodo GET Ruta  /
[2022-12-02T09:31:09.730] [ERROR] archivo2 - metodo GET Ruta  /failregister
[2022-12-02T09:31:11.195] [INFO] todos - metodo GET Ruta  /
[2022-12-02T09:33:25.726] [ERROR] archivo2 - metodo GET Ruta  /failregister
[2022-12-02T09:34:04.155] [INFO] todos - metodo GET Ruta  /
[2022-12-02T09:36:14.937] [ERROR] archivo2 - metodo GET Ruta  /failregister
[2022-12-02T09:37:05.644] [ERROR] archivo2 - metodo GET Ruta  /failregister
[2022-12-02T09:37:07.165] [INFO] todos - metodo GET Ruta  /
[2022-12-02T09:37:16.892] [WARN] todos - metodo GET Ruta inexistente /carrito/js/function.js
[2022-12-02T09:42:27.789] [WARN] todos - metodo GET Ruta inexistente /carrito/js/function.js
[2022-12-02T09:42:59.538] [WARN] todos - metodo GET Ruta inexistente /carrito/js/function.js
[2022-12-02T09:43:02.689] [WARN] todos - metodo GET Ruta inexistente /carrito/js/function.js
[2022-12-02T09:44:22.685] [WARN] todos - metodo GET Ruta inexistente /carrito/js/function.js
[2022-12-02T09:44:24.837] [WARN] todos - metodo GET Ruta inexistente /carrito/js/function.js
[2022-12-02T09:44:34.667] [WARN] todos - metodo GET Ruta inexistente /carrito/js/function.js
[2022-12-02T09:44:35.384] [INFO] todos - metodo GET Ruta  /
[2022-12-02T16:33:37.962] [INFO] todos - metodo GET Ruta  /
[2022-12-02T16:34:40.880] [INFO] todos - metodo GET Ruta  /
[2022-12-02T16:35:12.206] [WARN] todos - metodo GET Ruta inexistente /products-test
[2022-12-02T16:36:25.833] [WARN] todos - metodo GET Ruta inexistente /carrito/js/function.js
[2022-12-02T16:37:07.611] [WARN] todos - metodo GET Ruta inexistente /carrito/js/function.js
[2022-12-02T16:38:00.363] [INFO] todos - metodo GET Ruta  /
[2022-12-02T16:38:09.671] [WARN] todos - metodo GET Ruta inexistente /css/estilos.css
[2022-12-02T16:38:11.921] [INFO] todos - metodo GET Ruta  /
[2022-12-02T16:38:22.078] [INFO] todos - metodo GET Ruta  /
[2022-12-02T16:48:49.270] [INFO] todos - metodo GET Ruta  /
[2022-12-02T16:49:02.087] [ERROR] archivo2 - metodo GET Ruta  /failregister
[2022-12-02T16:49:04.791] [INFO] todos - metodo GET Ruta  /
[2022-12-02T16:50:27.281] [INFO] todos - metodo GET Ruta  /
[2022-12-05T19:55:10.437] [INFO] todos - metodo GET Ruta  /
[2022-12-05T19:55:10.674] [WARN] todos - metodo GET Ruta inexistente /favicon.ico
[2022-12-05T19:55:35.168] [INFO] todos - metodo GET Ruta  /
[2022-12-06T10:40:47.377] [INFO] todos - metodo GET Ruta  /
[2022-12-06T10:40:47.578] [WARN] todos - metodo GET Ruta inexistente /favicon.ico
[2022-12-06T10:41:15.181] [INFO] todos - metodo GET Ruta  /
[2022-12-06T10:48:49.970] [WARN] todos - metodo GET Ruta inexistente /css/estilos.css
[2022-12-06T10:48:52.186] [INFO] todos - metodo GET Ruta  /
[2022-12-06T10:49:51.761] [INFO] todos - metodo GET Ruta  /
[2022-12-06T12:43:55.412] [INFO] todos - metodo GET Ruta  /
[2022-12-06T12:44:25.039] [ERROR] archivo2 - metodo GET Ruta  /failregister
[2022-12-06T12:44:26.983] [INFO] todos - metodo GET Ruta  /
[2022-12-06T12:49:53.320] [INFO] todos - metodo GET Ruta  /
[2022-12-06T12:51:04.424] [INFO] todos - metodo GET Ruta  /
[2022-12-06T12:51:07.595] [WARN] todos - metodo GET Ruta inexistente /css/estilos.css
[2022-12-06T12:51:09.800] [INFO] todos - metodo GET Ruta  /
[2022-12-06T12:51:48.414] [ERROR] archivo2 - metodo GET Ruta  /failregister
[2022-12-06T12:51:50.052] [INFO] todos - metodo GET Ruta  /
[2022-12-06T12:52:06.996] [INFO] todos - metodo GET Ruta  /
